<?xml version="1.0" encoding="UTF-8"?>
<testsuite xmlns:xsi="http://www.w3.org/2001/XMLSchema-instance" xsi:noNamespaceSchemaLocation="https://maven.apache.org/surefire/maven-surefire-plugin/xsd/surefire-test-report.xsd" name="TestCases" time="3.177" tests="20" errors="0" skipped="0" failures="0">
  <properties>
[...]
</properties>
  <testcase name="basicChecks" classname="TestCases" time="0.051"/>
  <testcase name="registerCollege" classname="TestCases" time="2.332"/>
  <testcase name="registerCollegeException" classname="TestCases" time="0.006"/>
  <testcase name="getCollegeFromCollegeId" classname="TestCases" time="0.018"/>
  <testcase name="getCollegeFromCollegeIdException" classname="TestCases" time="0.015"/>
  <testcase name="getAllCollege" classname="TestCases" time="0.316"/>
  <testcase name="getAllCollegeException" classname="TestCases" time="0.048"/>
  <testcase name="registerStudentToCollege" classname="TestCases" time="0.067"/>
  <testcase name="registerStudentToCollegeException" classname="TestCases" time="0.038"/>
  <testcase name="getAllStudentsFromCollegeId" classname="TestCases" time="0.036"/>
  <testcase name="getAllStudentsFromCollegeIdException" classname="TestCases" time="0.039"/>
  <testcase name="registerStudent" classname="TestCases" time="0.013"/>
  <testcase name="registerStudentException" classname="TestCases" time="0.007"/>
  <testcase name="getStudentFromCollegeId" classname="TestCases" time="0.014"/>
  <testcase name="getStudentFromCollegeIdException" classname="TestCases" time="0.012"/>
  <testcase name="getAllActiveStudents" classname="TestCases" time="0.041"/>
  <testcase name="getAllActiveStudentsException" classname="TestCases" time="0.04"/>
  <testcase name="getCollegeFromStudentId" classname="TestCases" time="0.033"/>
  <testcase name="getCollegeFromStudentIdsException" classname="TestCases" time="0.021"/>
  <testcase name="buildScore" classname="TestCases" time="0.002"/>
</testsuite>